<?xml version="1.0" encoding="UTF-8"?>
<!-- Generated by org.testng.reporters.JUnitReportReporter -->
<testsuite hostname="DESKTOP-4O9KQDB" name="com.technocredits.orghrm.testScripts.LoginTest" tests="2" failures="0" timestamp="5 Nov 2021 12:35:36 GMT" time="49.794" errors="0">
  <testcase name="loginTest" time="25.959" classname="com.technocredits.orghrm.testScripts.LoginTest"/>
  <testcase name="loginTestWithInvalidCredentials" time="23.835" classname="com.technocredits.orghrm.testScripts.LoginTest"/>
</testsuite> <!-- com.technocredits.orghrm.testScripts.LoginTest -->
