<?xml version="1.0" encoding="UTF-8"?>
<!-- Generated by org.testng.reporters.JUnitReportReporter -->
<testsuite hostname="DESKTOP-4O9KQDB" name="com.technocredits.orghrm.testScripts.PIM_AddEmployee_Test" tests="1" failures="0" timestamp="5 Nov 2021 13:59:47 GMT" time="48.438" errors="0">
  <testcase name="verifyAddEmployeeTest" time="48.438" classname="com.technocredits.orghrm.testScripts.PIM_AddEmployee_Test"/>
</testsuite> <!-- com.technocredits.orghrm.testScripts.PIM_AddEmployee_Test -->
